[debug] [2023-08-06T21:06:45.101Z] ----------------------------------------------------------------------
[debug] [2023-08-06T21:06:45.102Z] Command:       /usr/local/bin/node /usr/local/bin/firebase emulators:start
[debug] [2023-08-06T21:06:45.102Z] CLI Version:   12.4.6
[debug] [2023-08-06T21:06:45.102Z] Platform:      darwin
[debug] [2023-08-06T21:06:45.103Z] Node Version:  v18.16.0
[debug] [2023-08-06T21:06:45.108Z] Time:          Sun Aug 06 2023 17:06:45 GMT-0400 (Eastern Daylight Time)
[debug] [2023-08-06T21:06:45.108Z] ----------------------------------------------------------------------
[debug] 
[debug] [2023-08-06T21:06:45.201Z] > command requires scopes: ["email","openid","https://www.googleapis.com/auth/cloudplatformprojects.readonly","https://www.googleapis.com/auth/firebase","https://www.googleapis.com/auth/cloud-platform"]
[debug] [2023-08-06T21:06:45.201Z] > authorizing via signed-in user (maxespinosaschool@gmail.com)
[info] i  emulators: Starting emulators: functions, hosting {"metadata":{"emulator":{"name":"hub"},"message":"Starting emulators: functions, hosting"}}
[debug] [2023-08-06T21:06:45.509Z] [logging] Logging Emulator only supports listening on one address (127.0.0.1). Not listening on ::1
[warn] ⚠  hosting: Hosting Emulator unable to start on port 5000, starting on 5002 instead. {"metadata":{"emulator":{"name":"hosting"},"message":"Hosting Emulator unable to start on port 5000, starting on 5002 instead."}}
[debug] [2023-08-06T21:06:45.510Z] [hosting] Hosting Emulator only supports listening on one address (127.0.0.1). Not listening on ::1
[debug] [2023-08-06T21:06:45.510Z] assigned listening specs for emulators {"user":{"hub":[{"address":"127.0.0.1","family":"IPv4","port":4400},{"address":"::1","family":"IPv6","port":4400}],"ui":[{"address":"127.0.0.1","family":"IPv4","port":4000},{"address":"::1","family":"IPv6","port":4000}],"logging":[{"address":"127.0.0.1","family":"IPv4","port":4500}],"hosting":[{"address":"127.0.0.1","family":"IPv4","port":5002}]},"metadata":{"message":"assigned listening specs for emulators"}}
[debug] [2023-08-06T21:06:45.516Z] [hub] writing locator at /var/folders/xn/wv2f1yr97r54rfd6zwkw68280000gn/T/hub-whisker-watch-api.json
[debug] [2023-08-06T21:06:45.641Z] [functions] Functions Emulator only supports listening on one address (127.0.0.1). Not listening on ::1
[debug] [2023-08-06T21:06:45.641Z] [eventarc] Eventarc Emulator only supports listening on one address (127.0.0.1). Not listening on ::1
[debug] [2023-08-06T21:06:45.641Z] late-assigned ports for functions and eventarc emulators {"user":{"hub":[{"address":"127.0.0.1","family":"IPv4","port":4400},{"address":"::1","family":"IPv6","port":4400}],"ui":[{"address":"127.0.0.1","family":"IPv4","port":4000},{"address":"::1","family":"IPv6","port":4000}],"logging":[{"address":"127.0.0.1","family":"IPv4","port":4500}],"hosting":[{"address":"127.0.0.1","family":"IPv4","port":5002}],"functions":[{"address":"127.0.0.1","family":"IPv4","port":5001}],"eventarc":[{"address":"127.0.0.1","family":"IPv4","port":9299}]},"metadata":{"message":"late-assigned ports for functions and eventarc emulators"}}
[warn] ⚠  functions: The following emulators are not running, calls to these services from the Functions emulator will affect production: auth, firestore, database, pubsub, storage {"metadata":{"emulator":{"name":"functions"},"message":"The following emulators are not running, calls to these services from the Functions emulator will affect production: \u001b[1mauth, firestore, database, pubsub, storage\u001b[22m"}}
[debug] [2023-08-06T21:06:45.643Z] defaultcredentials: writing to file /Users/maxespinosa/.config/firebase/maxespinosaschool_gmail_com_application_default_credentials.json
[debug] [2023-08-06T21:06:45.649Z] Setting GAC to /Users/maxespinosa/.config/firebase/maxespinosaschool_gmail_com_application_default_credentials.json {"metadata":{"emulator":{"name":"functions"},"message":"Setting GAC to /Users/maxespinosa/.config/firebase/maxespinosaschool_gmail_com_application_default_credentials.json"}}
[debug] [2023-08-06T21:06:45.650Z] > refreshing access token with scopes: []
[debug] [2023-08-06T21:06:45.651Z] >>> [apiv2][query] POST https://www.googleapis.com/oauth2/v3/token [none]
[debug] [2023-08-06T21:06:45.651Z] >>> [apiv2][body] POST https://www.googleapis.com/oauth2/v3/token [omitted]
[debug] [2023-08-06T21:06:45.897Z] <<< [apiv2][status] POST https://www.googleapis.com/oauth2/v3/token 200
[debug] [2023-08-06T21:06:45.897Z] <<< [apiv2][body] POST https://www.googleapis.com/oauth2/v3/token [omitted]
[debug] [2023-08-06T21:06:45.912Z] >>> [apiv2][query] GET https://firebase.googleapis.com/v1beta1/projects/whisker-watch-api/adminSdkConfig [none]
[debug] [2023-08-06T21:06:46.370Z] <<< [apiv2][status] GET https://firebase.googleapis.com/v1beta1/projects/whisker-watch-api/adminSdkConfig 200
[debug] [2023-08-06T21:06:46.371Z] <<< [apiv2][body] GET https://firebase.googleapis.com/v1beta1/projects/whisker-watch-api/adminSdkConfig {"projectId":"whisker-watch-api","storageBucket":"whisker-watch-api.appspot.com","locationId":"us-central"}
[debug] [2023-08-06T21:06:46.387Z] >>> [apiv2][query] GET https://firebasehosting.googleapis.com/v1beta1/projects/whisker-watch-api/sites 
[debug] [2023-08-06T21:06:46.907Z] <<< [apiv2][status] GET https://firebasehosting.googleapis.com/v1beta1/projects/whisker-watch-api/sites 200
[debug] [2023-08-06T21:06:46.908Z] <<< [apiv2][body] GET https://firebasehosting.googleapis.com/v1beta1/projects/whisker-watch-api/sites {"sites":[{"name":"projects/whisker-watch-api/sites/whisker-watch-api","defaultUrl":"https://whisker-watch-api.web.app","type":"DEFAULT_SITE"}]}
[debug] [2023-08-06T21:06:46.908Z] >>> [apiv2][query] GET https://firebase.googleapis.com/v1beta1/projects/whisker-watch-api/webApps/-/config [none]
[debug] [2023-08-06T21:06:47.427Z] <<< [apiv2][status] GET https://firebase.googleapis.com/v1beta1/projects/whisker-watch-api/webApps/-/config 200
[debug] [2023-08-06T21:06:47.427Z] <<< [apiv2][body] GET https://firebase.googleapis.com/v1beta1/projects/whisker-watch-api/webApps/-/config {"projectId":"whisker-watch-api","appId":"1:267334187889:web:cf86a53f6c044479f994d0","storageBucket":"whisker-watch-api.appspot.com","locationId":"us-central","apiKey":"AIzaSyCO2LVRNnGZJR-f1Id79oFrkzw3ZB4I3No","authDomain":"whisker-watch-api.firebaseapp.com","messagingSenderId":"267334187889"}
[debug] [2023-08-06T21:06:47.436Z] >>> [apiv2][query] GET https://firebase.googleapis.com/v1beta1/projects/whisker-watch-api [none]
[debug] [2023-08-06T21:06:47.726Z] <<< [apiv2][status] GET https://firebase.googleapis.com/v1beta1/projects/whisker-watch-api 200
[debug] [2023-08-06T21:06:47.727Z] <<< [apiv2][body] GET https://firebase.googleapis.com/v1beta1/projects/whisker-watch-api {"projectId":"whisker-watch-api","projectNumber":"267334187889","displayName":"whisker-watch-api","name":"projects/whisker-watch-api","resources":{"hostingSite":"whisker-watch-api","storageBucket":"whisker-watch-api.appspot.com","locationId":"us-central"},"state":"ACTIVE","etag":"1_ebfe364a-f137-4111-a656-7d975cd5e452"}
[info] i  hosting[whisker-watch-api]: Serving hosting files from: public {"metadata":{"emulator":{"name":"hosting"},"message":"Serving hosting files from: \u001b[1mpublic\u001b[22m"}}
[info] ✔  hosting[whisker-watch-api]: Local server: http://127.0.0.1:5002 {"metadata":{"emulator":{"name":"hosting"},"message":"Local server: \u001b[4m\u001b[1mhttp://127.0.0.1:5002\u001b[22m\u001b[24m"}}
[debug] [2023-08-06T21:06:47.779Z] Ignoring unsupported arg: auto_download {"metadata":{"emulator":{"name":"ui"},"message":"Ignoring unsupported arg: auto_download"}}
[debug] [2023-08-06T21:06:47.779Z] Ignoring unsupported arg: port {"metadata":{"emulator":{"name":"ui"},"message":"Ignoring unsupported arg: port"}}
[debug] [2023-08-06T21:06:47.779Z] Starting Emulator UI with command {"binary":"node","args":["/Users/maxespinosa/.cache/firebase/emulators/ui-v1.11.7/server/server.js"],"optionalArgs":[],"joinArgs":false} {"metadata":{"emulator":{"name":"ui"},"message":"Starting Emulator UI with command {\"binary\":\"node\",\"args\":[\"/Users/maxespinosa/.cache/firebase/emulators/ui-v1.11.7/server/server.js\"],\"optionalArgs\":[],\"joinArgs\":false}"}}
[info] i  ui: Emulator UI logging to ui-debug.log {"metadata":{"emulator":{"name":"ui"},"message":"Emulator UI logging to \u001b[1mui-debug.log\u001b[22m"}}
[debug] [2023-08-06T21:06:47.871Z] Web / API server started at 127.0.0.1:4000
 {"metadata":{"emulator":{"name":"ui"},"message":"Web / API server started at 127.0.0.1:4000\n"}}
[debug] [2023-08-06T21:06:47.872Z] Web / API server started at ::1:4000
 {"metadata":{"emulator":{"name":"ui"},"message":"Web / API server started at ::1:4000\n"}}
[info] i  functions: Watching "/Users/maxespinosa/c11/final-project/whisker-watch/whisker-watch/whisker-watch-api/functions" for Cloud Functions... {"metadata":{"emulator":{"name":"functions"},"message":"Watching \"/Users/maxespinosa/c11/final-project/whisker-watch/whisker-watch/whisker-watch-api/functions\" for Cloud Functions..."}}
[debug] [2023-08-06T21:06:48.041Z] Validating nodejs source
[debug] [2023-08-06T21:06:49.007Z] > [functions] package.json contents: {
  "name": "functions",
  "description": "Cloud Functions for Firebase",
  "type": "module",
  "scripts": {
    "serve": "firebase emulators:start",
    "shell": "firebase functions:shell",
    "start": "npm run shell",
    "deploy": "firebase deploy",
    "logs": "firebase functions:log"
  },
  "engines": {
    "node": "18"
  },
  "main": "index.js",
  "dependencies": {
    "cors": "^2.8.5",
    "express": "^4.18.2",
    "firebase-admin": "^11.10.1",
    "firebase-functions": "^4.4.1"
  },
  "devDependencies": {
    "firebase-functions-test": "^3.1.0"
  },
  "private": true
}
[debug] [2023-08-06T21:06:49.007Z] Building nodejs source
[debug] [2023-08-06T21:06:49.008Z] Failed to find version of module node: reached end of search path /Users/maxespinosa/c11/final-project/whisker-watch/whisker-watch/whisker-watch-api/functions/node_modules
[info] ✔  functions: Using node@18 from host. 
[debug] [2023-08-06T21:06:49.010Z] Could not find functions.yaml. Must use http discovery
[debug] [2023-08-06T21:06:49.014Z] Found firebase-functions binary at '/Users/maxespinosa/c11/final-project/whisker-watch/whisker-watch/whisker-watch-api/functions/node_modules/.bin/firebase-functions'
[info] Serving at port 8739

[debug] [2023-08-06T21:06:49.518Z] Got response from /__/functions.yaml {"endpoints":{"api":{"availableMemoryMb":null,"timeoutSeconds":null,"minInstances":null,"maxInstances":10,"ingressSettings":null,"concurrency":null,"serviceAccountEmail":null,"vpc":null,"platform":"gcfv2","labels":{},"httpsTrigger":{},"entryPoint":"api"}},"specVersion":"v1alpha1","requiredAPIs":[]}
[info] shutdown requested via /__/quitquitquit

[info] ✔  functions: Loaded functions definitions from source: api. {"metadata":{"emulator":{"name":"functions"},"message":"Loaded functions definitions from source: api."}}
[info] ✔  functions[us-central1-api]: http function initialized (http://127.0.0.1:5001/whisker-watch-api/us-central1/api). {"metadata":{"emulator":{"name":"functions"},"message":"\u001b[1mhttp\u001b[22m function initialized (http://127.0.0.1:5001/whisker-watch-api/us-central1/api)."}}
[info] 
┌─────────────────────────────────────────────────────────────┐
│ ✔  All emulators ready! It is now safe to connect your app. │
│ i  View Emulator UI at http://127.0.0.1:4000/               │
└─────────────────────────────────────────────────────────────┘

┌───────────┬────────────────┬─────────────────────────────────┐
│ Emulator  │ Host:Port      │ View in Emulator UI             │
├───────────┼────────────────┼─────────────────────────────────┤
│ Functions │ 127.0.0.1:5001 │ http://127.0.0.1:4000/functions │
├───────────┼────────────────┼─────────────────────────────────┤
│ Hosting   │ 127.0.0.1:5002 │ n/a                             │
└───────────┴────────────────┴─────────────────────────────────┘
  Emulator Hub running at 127.0.0.1:4400
  Other reserved ports: 4500

Issues? Report them at https://github.com/firebase/firebase-tools/issues and attach the *-debug.log files.
 
[debug] [2023-08-06T21:42:55.456Z] File /Users/maxespinosa/c11/final-project/whisker-watch/whisker-watch/whisker-watch-api/functions/src/animals.js changed, reloading triggers {"metadata":{"emulator":{"name":"functions"},"message":"File /Users/maxespinosa/c11/final-project/whisker-watch/whisker-watch/whisker-watch-api/functions/src/animals.js changed, reloading triggers"}}
[debug] [2023-08-06T21:42:56.462Z] Validating nodejs source
[debug] [2023-08-06T21:42:57.512Z] > [functions] package.json contents: {
  "name": "functions",
  "description": "Cloud Functions for Firebase",
  "type": "module",
  "scripts": {
    "serve": "firebase emulators:start",
    "shell": "firebase functions:shell",
    "start": "npm run shell",
    "deploy": "firebase deploy",
    "logs": "firebase functions:log"
  },
  "engines": {
    "node": "18"
  },
  "main": "index.js",
  "dependencies": {
    "cors": "^2.8.5",
    "express": "^4.18.2",
    "firebase-admin": "^11.10.1",
    "firebase-functions": "^4.4.1"
  },
  "devDependencies": {
    "firebase-functions-test": "^3.1.0"
  },
  "private": true
}
[debug] [2023-08-06T21:42:57.512Z] Building nodejs source
[debug] [2023-08-06T21:42:57.513Z] Failed to find version of module node: reached end of search path /Users/maxespinosa/c11/final-project/whisker-watch/whisker-watch/whisker-watch-api/functions/node_modules
[info] ✔  functions: Using node@18 from host. 
[debug] [2023-08-06T21:42:57.514Z] File /Users/maxespinosa/c11/final-project/whisker-watch/whisker-watch/whisker-watch-api/functions/src/animals.js changed, reloading triggers {"metadata":{"emulator":{"name":"functions"},"message":"File /Users/maxespinosa/c11/final-project/whisker-watch/whisker-watch/whisker-watch-api/functions/src/animals.js changed, reloading triggers"}}
[debug] [2023-08-06T21:42:57.514Z] Could not find functions.yaml. Must use http discovery
[debug] [2023-08-06T21:42:57.515Z] Found firebase-functions binary at '/Users/maxespinosa/c11/final-project/whisker-watch/whisker-watch/whisker-watch-api/functions/node_modules/.bin/firebase-functions'
[info] Serving at port 8550

[debug] [2023-08-06T21:42:58.216Z] Got response from /__/functions.yaml {"endpoints":{"api":{"availableMemoryMb":null,"timeoutSeconds":null,"minInstances":null,"maxInstances":10,"ingressSettings":null,"concurrency":null,"serviceAccountEmail":null,"vpc":null,"platform":"gcfv2","labels":{},"httpsTrigger":{},"entryPoint":"api"}},"specVersion":"v1alpha1","requiredAPIs":[]}
[info] shutdown requested via /__/quitquitquit

[info] ✔  functions: Loaded functions definitions from source: api. {"metadata":{"emulator":{"name":"functions"},"message":"Loaded functions definitions from source: api."}}
[debug] [2023-08-06T21:42:58.516Z] Validating nodejs source
[debug] [2023-08-06T21:42:59.034Z] > [functions] package.json contents: {
  "name": "functions",
  "description": "Cloud Functions for Firebase",
  "type": "module",
  "scripts": {
    "serve": "firebase emulators:start",
    "shell": "firebase functions:shell",
    "start": "npm run shell",
    "deploy": "firebase deploy",
    "logs": "firebase functions:log"
  },
  "engines": {
    "node": "18"
  },
  "main": "index.js",
  "dependencies": {
    "cors": "^2.8.5",
    "express": "^4.18.2",
    "firebase-admin": "^11.10.1",
    "firebase-functions": "^4.4.1"
  },
  "devDependencies": {
    "firebase-functions-test": "^3.1.0"
  },
  "private": true
}
[debug] [2023-08-06T21:42:59.034Z] Building nodejs source
[debug] [2023-08-06T21:42:59.034Z] Failed to find version of module node: reached end of search path /Users/maxespinosa/c11/final-project/whisker-watch/whisker-watch/whisker-watch-api/functions/node_modules
[info] ✔  functions: Using node@18 from host. 
[debug] [2023-08-06T21:42:59.035Z] Could not find functions.yaml. Must use http discovery
[debug] [2023-08-06T21:42:59.036Z] Found firebase-functions binary at '/Users/maxespinosa/c11/final-project/whisker-watch/whisker-watch/whisker-watch-api/functions/node_modules/.bin/firebase-functions'
[info] Serving at port 8123

[debug] [2023-08-06T21:42:59.499Z] Got response from /__/functions.yaml {"endpoints":{"api":{"availableMemoryMb":null,"timeoutSeconds":null,"minInstances":null,"maxInstances":10,"ingressSettings":null,"concurrency":null,"serviceAccountEmail":null,"vpc":null,"platform":"gcfv2","labels":{},"httpsTrigger":{},"entryPoint":"api"}},"specVersion":"v1alpha1","requiredAPIs":[]}
[info] shutdown requested via /__/quitquitquit

[info] ✔  functions: Loaded functions definitions from source: api. {"metadata":{"emulator":{"name":"functions"},"message":"Loaded functions definitions from source: api."}}
[debug] [2023-08-06T21:44:29.663Z] File /Users/maxespinosa/c11/final-project/whisker-watch/whisker-watch/whisker-watch-api/functions/src/animals.js changed, reloading triggers {"metadata":{"emulator":{"name":"functions"},"message":"File /Users/maxespinosa/c11/final-project/whisker-watch/whisker-watch/whisker-watch-api/functions/src/animals.js changed, reloading triggers"}}
[debug] [2023-08-06T21:44:30.667Z] Validating nodejs source
[debug] [2023-08-06T21:44:31.452Z] > [functions] package.json contents: {
  "name": "functions",
  "description": "Cloud Functions for Firebase",
  "type": "module",
  "scripts": {
    "serve": "firebase emulators:start",
    "shell": "firebase functions:shell",
    "start": "npm run shell",
    "deploy": "firebase deploy",
    "logs": "firebase functions:log"
  },
  "engines": {
    "node": "18"
  },
  "main": "index.js",
  "dependencies": {
    "cors": "^2.8.5",
    "express": "^4.18.2",
    "firebase-admin": "^11.10.1",
    "firebase-functions": "^4.4.1"
  },
  "devDependencies": {
    "firebase-functions-test": "^3.1.0"
  },
  "private": true
}
[debug] [2023-08-06T21:44:31.452Z] Building nodejs source
[debug] [2023-08-06T21:44:31.452Z] Failed to find version of module node: reached end of search path /Users/maxespinosa/c11/final-project/whisker-watch/whisker-watch/whisker-watch-api/functions/node_modules
[info] ✔  functions: Using node@18 from host. 
[debug] [2023-08-06T21:44:31.454Z] Could not find functions.yaml. Must use http discovery
[debug] [2023-08-06T21:44:31.455Z] Found firebase-functions binary at '/Users/maxespinosa/c11/final-project/whisker-watch/whisker-watch/whisker-watch-api/functions/node_modules/.bin/firebase-functions'
[info] Serving at port 8817

[debug] [2023-08-06T21:44:31.944Z] Got response from /__/functions.yaml {"endpoints":{"api":{"availableMemoryMb":null,"timeoutSeconds":null,"minInstances":null,"maxInstances":10,"ingressSettings":null,"concurrency":null,"serviceAccountEmail":null,"vpc":null,"platform":"gcfv2","labels":{},"httpsTrigger":{},"entryPoint":"api"}},"specVersion":"v1alpha1","requiredAPIs":[]}
[info] shutdown requested via /__/quitquitquit

[info] ✔  functions: Loaded functions definitions from source: api. {"metadata":{"emulator":{"name":"functions"},"message":"Loaded functions definitions from source: api."}}
[debug] [2023-08-06T21:45:17.786Z] File /Users/maxespinosa/c11/final-project/whisker-watch/whisker-watch/whisker-watch-api/functions/src/animals.js changed, reloading triggers {"metadata":{"emulator":{"name":"functions"},"message":"File /Users/maxespinosa/c11/final-project/whisker-watch/whisker-watch/whisker-watch-api/functions/src/animals.js changed, reloading triggers"}}
[debug] [2023-08-06T21:45:18.788Z] Validating nodejs source
[debug] [2023-08-06T21:45:19.422Z] > [functions] package.json contents: {
  "name": "functions",
  "description": "Cloud Functions for Firebase",
  "type": "module",
  "scripts": {
    "serve": "firebase emulators:start",
    "shell": "firebase functions:shell",
    "start": "npm run shell",
    "deploy": "firebase deploy",
    "logs": "firebase functions:log"
  },
  "engines": {
    "node": "18"
  },
  "main": "index.js",
  "dependencies": {
    "cors": "^2.8.5",
    "express": "^4.18.2",
    "firebase-admin": "^11.10.1",
    "firebase-functions": "^4.4.1"
  },
  "devDependencies": {
    "firebase-functions-test": "^3.1.0"
  },
  "private": true
}
[debug] [2023-08-06T21:45:19.422Z] Building nodejs source
[debug] [2023-08-06T21:45:19.422Z] Failed to find version of module node: reached end of search path /Users/maxespinosa/c11/final-project/whisker-watch/whisker-watch/whisker-watch-api/functions/node_modules
[info] ✔  functions: Using node@18 from host. 
[debug] [2023-08-06T21:45:19.422Z] Could not find functions.yaml. Must use http discovery
[debug] [2023-08-06T21:45:19.423Z] Found firebase-functions binary at '/Users/maxespinosa/c11/final-project/whisker-watch/whisker-watch/whisker-watch-api/functions/node_modules/.bin/firebase-functions'
[info] Serving at port 8638

[debug] [2023-08-06T21:45:19.877Z] Got response from /__/functions.yaml {"endpoints":{"api":{"availableMemoryMb":null,"timeoutSeconds":null,"minInstances":null,"maxInstances":10,"ingressSettings":null,"concurrency":null,"serviceAccountEmail":null,"vpc":null,"platform":"gcfv2","labels":{},"httpsTrigger":{},"entryPoint":"api"}},"specVersion":"v1alpha1","requiredAPIs":[]}
[info] shutdown requested via /__/quitquitquit

[info] ✔  functions: Loaded functions definitions from source: api. {"metadata":{"emulator":{"name":"functions"},"message":"Loaded functions definitions from source: api."}}
